<?xml version="1.0" encoding="UTF-8"?>
<!-- Generated by org.testng.reporters.JUnitReportReporter -->
<testsuite hostname="ashoksinh" failures="0" tests="1" name="RQAFramwork.ErrorValidations" time="2.912" errors="0" timestamp="2025-01-22T12:56:36 IST" skipped="0">
  <testcase classname="RQAFramwork.ErrorValidations" name="SubmitOrder" time="2.912"/>
  <system-out/>
</testsuite> <!-- RQAFramwork.ErrorValidations -->
