<?xml version="1.0" encoding="UTF-8"?>
<!-- Generated by org.testng.reporters.JUnitReportReporter -->
<testsuite hostname="ashoksinh" failures="0" tests="3" name="RQAFramwork.SubmitOrderTest" time="28.559" errors="0" timestamp="2025-01-27T17:22:17 IST" skipped="0">
  <testcase classname="RQAFramwork.SubmitOrderTest" name="SubmitOrder" time="12.774"/>
  <system-out/>
  <testcase classname="RQAFramwork.SubmitOrderTest" name="SubmitOrder" time="9.839"/>
  <system-out/>
  <testcase classname="RQAFramwork.SubmitOrderTest" name="OrderHistory" time="5.946"/>
  <system-out/>
</testsuite> <!-- RQAFramwork.SubmitOrderTest -->
